2023-10-20 12:55:49 INFO GUI __init__ 32 .........................Post-processing initialed.........................
2023-10-20 12:55:49 INFO utils delete_old_log_files 303 Log files with old timestamps have been deleted.
2023-10-20 12:55:50 INFO GUI save_params 412 Variables saved to logs\postProcessorSelection.yaml
2023-10-20 12:55:50 INFO GUI run_pp 426 Processing and combining main module data to develop detailed data...
2023-10-20 12:55:50 INFO csvxmlgen detailedcsvgen 213 ETL activity data from the main modules...
2023-10-20 12:55:51 INFO csvxmlgen detailedcsvgen 222 Processed activity data.
2023-10-20 12:55:51 INFO csvxmlgen detailedcsvgen 223 ETL emission data from the main modules...
2023-10-20 12:56:18 INFO csvxmlgen detailedcsvgen 232 Processed emission data.
2023-10-20 12:56:21 INFO GUI run_pp 432 Saved detailed activity and emission data to C:\Users\a-bibeka\Documents\Projects_Temp\Utilities_FY24\Summary\activityDetailed.csv and C:\Users\a-bibeka\Documents\Projects_Temp\Utilities_FY24\Summary\emissionDetailed.csv, respectively.
2023-10-20 12:56:21 INFO GUI run_pp 451 Aggregating detailed activity to develop aggregate tables table...
2023-10-20 12:56:21 INFO csvxmlgen aggxlsxgen 236 Aggregating detailed activity and emission data...
2023-10-20 12:56:22 INFO csvxmlgen aggxlsxgen 316 Aggregated detailed activity and emission data.
2023-10-20 12:56:28 INFO GUI run_pp 459 Saved aggregate tables to C:\Users\a-bibeka\Documents\Projects_Temp\Utilities_FY24\Summary\aggregateTable.xlsx.
2023-10-20 12:56:28 INFO GUI run_pp 462 Processing and combining detailed activity and emission data to develop XML staging table...
2023-10-20 12:56:28 INFO csvxmlgen aggsccgen 320 Aggregating detailed activity and emission data to NEI SCCs.
2023-10-20 12:56:29 INFO csvxmlgen aggsccgen 358 Aggregated detailed activity and emission data to NEI SCC.
2023-10-20 12:56:29 INFO GUI run_pp 474 Saved XML staging table to C:\Users\a-bibeka\Documents\Projects_Temp\Utilities_FY24\Summary\xmlSCCStagingTable.csv.
2023-10-20 12:56:29 INFO GUI run_pp 478 Using Metadata and XML staging table to develop XML...
2023-10-20 12:56:29 INFO GUI run_pp 496 Saved XML to C:\Users\a-bibeka\Documents\Projects_Temp\Utilities_FY24\Summary\HGB2026p1fr.xml.
2023-10-20 12:56:29 INFO GUI run_pp 497 .........................Post-processing ended.........................
